# JRE version: Java(TM) SE Runtime Environment (8.0_101-b13) (build 1.8.0_101-b13)
# Java VM: Java HotSpot(TM) 64-Bit Server VM (25.101-b13 mixed mode windows-amd64 compressed oops)
Heap:
 PSYoungGen      total 194048K, used 119010K [0x000000076b180000, 0x000000077ab80000, 0x00000007c0000000)
  eden space 176640K, 57% used [0x000000076b180000,0x0000000771584f68,0x0000000775e00000)
  from space 17408K, 95% used [0x0000000775e00000,0x0000000776e33aa8,0x0000000776f00000)
  to   space 18944K, 0% used [0x0000000779900000,0x0000000779900000,0x000000077ab80000)
 ParOldGen       total 186368K, used 22231K [0x00000006c1400000, 0x00000006cca00000, 0x000000076b180000)
  object space 186368K, 11% used [0x00000006c1400000,0x00000006c29b5f18,0x00000006cca00000)
 Metaspace       used 49167K, capacity 49650K, committed 50048K, reserved 1093632K
  class space    used 6372K, capacity 6508K, committed 6528K, reserved 1048576K
GC Heap History (10 events):
Event: 4.109 GC heap before
{Heap before GC invocations=7 (full 1):
 PSYoungGen      total 135168K, used 131951K [0x000000076b180000, 0x0000000774980000, 0x00000007c0000000)
  eden space 124416K, 99% used [0x000000076b180000,0x0000000772afc948,0x0000000772b00000)
  from space 10752K, 70% used [0x0000000772b00000,0x000000077325f568,0x0000000773580000)
  to   space 14336K, 0% used [0x0000000773b80000,0x0000000773b80000,0x0000000774980000)
 ParOldGen       total 116736K, used 10559K [0x00000006c1400000, 0x00000006c8600000, 0x000000076b180000)
  object space 116736K, 9% used [0x00000006c1400000,0x00000006c1e4fc70,0x00000006c8600000)
 Metaspace       used 28948K, capacity 29308K, committed 29696K, reserved 1075200K
  class space    used 3621K, capacity 3723K, committed 3840K, reserved 1048576K
Event: 4.122 GC heap after
Heap after GC invocations=7 (full 1):
 PSYoungGen      total 141312K, used 9945K [0x000000076b180000, 0x0000000777600000, 0x00000007c0000000)
  eden space 126976K, 0% used [0x000000076b180000,0x000000076b180000,0x0000000772d80000)
  from space 14336K, 69% used [0x0000000773b80000,0x00000007745364e0,0x0000000774980000)
  to   space 14336K, 0% used [0x0000000772d80000,0x0000000772d80000,0x0000000773b80000)
 ParOldGen       total 116736K, used 10567K [0x00000006c1400000, 0x00000006c8600000, 0x000000076b180000)
  object space 116736K, 9% used [0x00000006c1400000,0x00000006c1e51c70,0x00000006c8600000)
 Metaspace       used 28948K, capacity 29308K, committed 29696K, reserved 1075200K
  class space    used 3621K, capacity 3723K, committed 3840K, reserved 1048576K
}
Event: 5.214 GC heap before
{Heap before GC invocations=8 (full 1):
 PSYoungGen      total 141312K, used 136921K [0x000000076b180000, 0x0000000777600000, 0x00000007c0000000)
  eden space 126976K, 100% used [0x000000076b180000,0x0000000772d80000,0x0000000772d80000)
  from space 14336K, 69% used [0x0000000773b80000,0x00000007745364e0,0x0000000774980000)
  to   space 14336K, 0% used [0x0000000772d80000,0x0000000772d80000,0x0000000773b80000)
 ParOldGen       total 116736K, used 10567K [0x00000006c1400000, 0x00000006c8600000, 0x000000076b180000)
  object space 116736K, 9% used [0x00000006c1400000,0x00000006c1e51c70,0x00000006c8600000)
 Metaspace       used 33184K, capacity 33588K, committed 33792K, reserved 1079296K
  class space    used 4218K, capacity 4319K, committed 4352K, reserved 1048576K
Event: 5.230 GC heap after
Heap after GC invocations=8 (full 1):
 PSYoungGen      total 141312K, used 13991K [0x000000076b180000, 0x0000000777f00000, 0x00000007c0000000)
  eden space 126976K, 0% used [0x000000076b180000,0x000000076b180000,0x0000000772d80000)
  from space 14336K, 97% used [0x0000000772d80000,0x0000000773b29ca0,0x0000000773b80000)
  to   space 16384K, 0% used [0x0000000776f00000,0x0000000776f00000,0x0000000777f00000)
 ParOldGen       total 116736K, used 10575K [0x00000006c1400000, 0x00000006c8600000, 0x000000076b180000)
  object space 116736K, 9% used [0x00000006c1400000,0x00000006c1e53c70,0x00000006c8600000)
 Metaspace       used 33184K, capacity 33588K, committed 33792K, reserved 1079296K
  class space    used 4218K, capacity 4319K, committed 4352K, reserved 1048576K
}
Event: 5.458 GC heap before
{Heap before GC invocations=9 (full 1):
 PSYoungGen      total 141312K, used 40879K [0x000000076b180000, 0x0000000777f00000, 0x00000007c0000000)
  eden space 126976K, 21% used [0x000000076b180000,0x000000076cbc20b8,0x0000000772d80000)
  from space 14336K, 97% used [0x0000000772d80000,0x0000000773b29ca0,0x0000000773b80000)
  to   space 16384K, 0% used [0x0000000776f00000,0x0000000776f00000,0x0000000777f00000)
 ParOldGen       total 116736K, used 10575K [0x00000006c1400000, 0x00000006c8600000, 0x000000076b180000)
  object space 116736K, 9% used [0x00000006c1400000,0x00000006c1e53c70,0x00000006c8600000)
 Metaspace       used 34906K, capacity 35316K, committed 35496K, reserved 1081344K
  class space    used 4454K, capacity 4575K, committed 4608K, reserved 1048576K
Event: 5.468 GC heap after
Heap after GC invocations=9 (full 1):
 PSYoungGen      total 193024K, used 13417K [0x000000076b180000, 0x0000000778e80000, 0x00000007c0000000)
  eden space 176640K, 0% used [0x000000076b180000,0x000000076b180000,0x0000000775e00000)
  from space 16384K, 81% used [0x0000000776f00000,0x0000000777c1a400,0x0000000777f00000)
  to   space 17408K, 0% used [0x0000000775e00000,0x0000000775e00000,0x0000000776f00000)
 ParOldGen       total 116736K, used 10583K [0x00000006c1400000, 0x00000006c8600000, 0x000000076b180000)
  object space 116736K, 9% used [0x00000006c1400000,0x00000006c1e55c70,0x00000006c8600000)
 Metaspace       used 34906K, capacity 35316K, committed 35496K, reserved 1081344K
  class space    used 4454K, capacity 4575K, committed 4608K, reserved 1048576K
}
Event: 5.468 GC heap before
{Heap before GC invocations=10 (full 2):
 PSYoungGen      total 193024K, used 13417K [0x000000076b180000, 0x0000000778e80000, 0x00000007c0000000)
  eden space 176640K, 0% used [0x000000076b180000,0x000000076b180000,0x0000000775e00000)
  from space 16384K, 81% used [0x0000000776f00000,0x0000000777c1a400,0x0000000777f00000)
  to   space 17408K, 0% used [0x0000000775e00000,0x0000000775e00000,0x0000000776f00000)
 ParOldGen       total 116736K, used 10583K [0x00000006c1400000, 0x00000006c8600000, 0x000000076b180000)
  object space 116736K, 9% used [0x00000006c1400000,0x00000006c1e55c70,0x00000006c8600000)
 Metaspace       used 34906K, capacity 35316K, committed 35496K, reserved 1081344K
  class space    used 4454K, capacity 4575K, committed 4608K, reserved 1048576K
Event: 5.590 GC heap after
Heap after GC invocations=10 (full 2):
 PSYoungGen      total 193024K, used 0K [0x000000076b180000, 0x0000000778e80000, 0x00000007c0000000)
  eden space 176640K, 0% used [0x000000076b180000,0x000000076b180000,0x0000000775e00000)
  from space 16384K, 0% used [0x0000000776f00000,0x0000000776f00000,0x0000000777f00000)
  to   space 17408K, 0% used [0x0000000775e00000,0x0000000775e00000,0x0000000776f00000)
 ParOldGen       total 186368K, used 22223K [0x00000006c1400000, 0x00000006cca00000, 0x000000076b180000)
  object space 186368K, 11% used [0x00000006c1400000,0x00000006c29b3f18,0x00000006cca00000)
 Metaspace       used 34906K, capacity 35316K, committed 35496K, reserved 1081344K
  class space    used 4454K, capacity 4575K, committed 4608K, reserved 1048576K
}
Event: 7.988 GC heap before
{Heap before GC invocations=11 (full 2):
 PSYoungGen      total 193024K, used 176640K [0x000000076b180000, 0x0000000778e80000, 0x00000007c0000000)
  eden space 176640K, 100% used [0x000000076b180000,0x0000000775e00000,0x0000000775e00000)
  from space 16384K, 0% used [0x0000000776f00000,0x0000000776f00000,0x0000000777f00000)
  to   space 17408K, 0% used [0x0000000775e00000,0x0000000775e00000,0x0000000776f00000)
 ParOldGen       total 186368K, used 22223K [0x00000006c1400000, 0x00000006cca00000, 0x000000076b180000)
  object space 186368K, 11% used [0x00000006c1400000,0x00000006c29b3f18,0x00000006cca00000)
 Metaspace       used 45994K, capacity 46460K, committed 46976K, reserved 1089536K
  class space    used 5988K, capacity 6151K, committed 6272K, reserved 1048576K
Event: 8.004 GC heap after
Heap after GC invocations=11 (full 2):
 PSYoungGen      total 194048K, used 16590K [0x000000076b180000, 0x000000077ab80000, 0x00000007c0000000)
  eden space 176640K, 0% used [0x000000076b180000,0x000000076b180000,0x0000000775e00000)
  from space 17408K, 95% used [0x0000000775e00000,0x0000000776e33aa8,0x0000000776f00000)
  to   space 18944K, 0% used [0x0000000779900000,0x0000000779900000,0x000000077ab80000)
 ParOldGen       total 186368K, used 22231K [0x00000006c1400000, 0x00000006cca00000, 0x000000076b180000)
  object space 186368K, 11% used [0x00000006c1400000,0x00000006c29b5f18,0x00000006cca00000)
 Metaspace       used 45994K, capacity 46460K, committed 46976K, reserved 1089536K
  class space    used 5988K, capacity 6151K, committed 6272K, reserved 1048576K
}

